# JRE version: Java(TM) SE Runtime Environment (19.0.2+7) (build 19.0.2+7-44)
# Java VM: Java HotSpot(TM) 64-Bit Server VM (19.0.2+7-44, mixed mode, sharing, tiered, compressed oops, compressed class ptrs, g1 gc, windows-amd64)
GC Precious Log:
 CardTable entry size: 512
 Card Set container configuration: InlinePtr #cards 5 size 8 Array Of Cards #cards 12 size 40 Howl #buckets 4 coarsen threshold 1843 Howl Bitmap #cards 512 size 80 coarsen threshold 460 Card regions per heap region 1 cards per card region 2048
 CPUs: 4 total, 4 available
 Memory: 7885M
 Large Page Support: Disabled
 NUMA Support: Disabled
 Compressed Oops: Enabled (32-bit)
 Heap Region Size: 1M
 Heap Min Capacity: 8M
 Heap Initial Capacity: 124M
 Heap Max Capacity: 2G
 Pre-touch: Disabled
 Parallel Workers: 4
 Concurrent Workers: 1
 Concurrent Refinement Workers: 4
 Periodic GC: Disabled
Heap:
 garbage-first heap   total 514048K, used 429676K [0x0000000080000000, 0x0000000100000000)
  region size 1024K, 12 young (12288K), 5 survivors (5120K)
 Metaspace       used 158649K, committed 162176K, reserved 618496K
  class space    used 20192K, committed 21760K, reserved 421888K
GC Heap History (20 events):
Event: 356.144 GC heap before
{Heap before GC invocations=49 (full 0):
 garbage-first heap   total 514048K, used 422585K [0x0000000080000000, 0x0000000100000000)
  region size 1024K, 76 young (77824K), 8 survivors (8192K)
 Metaspace       used 148375K, committed 151104K, reserved 618496K
  class space    used 18920K, committed 20288K, reserved 421888K
}
Event: 356.446 GC heap after
{Heap after GC invocations=50 (full 0):
 garbage-first heap   total 514048K, used 355444K [0x0000000080000000, 0x0000000100000000)
  region size 1024K, 8 young (8192K), 8 survivors (8192K)
 Metaspace       used 148375K, committed 151104K, reserved 618496K
  class space    used 18920K, committed 20288K, reserved 421888K
}
Event: 357.676 GC heap before
{Heap before GC invocations=50 (full 0):
 garbage-first heap   total 514048K, used 400500K [0x0000000080000000, 0x0000000100000000)
  region size 1024K, 50 young (51200K), 8 survivors (8192K)
 Metaspace       used 148623K, committed 151296K, reserved 618496K
  class space    used 18938K, committed 20288K, reserved 421888K
}
Event: 357.710 GC heap after
{Heap after GC invocations=51 (full 0):
 garbage-first heap   total 514048K, used 362476K [0x0000000080000000, 0x0000000100000000)
  region size 1024K, 7 young (7168K), 7 survivors (7168K)
 Metaspace       used 148623K, committed 151296K, reserved 618496K
  class space    used 18938K, committed 20288K, reserved 421888K
}
Event: 364.149 GC heap before
{Heap before GC invocations=51 (full 0):
 garbage-first heap   total 514048K, used 432108K [0x0000000080000000, 0x0000000100000000)
  region size 1024K, 76 young (77824K), 7 survivors (7168K)
 Metaspace       used 149261K, committed 151936K, reserved 618496K
  class space    used 18964K, committed 20288K, reserved 421888K
}
Event: 364.266 GC heap after
{Heap after GC invocations=52 (full 0):
 garbage-first heap   total 514048K, used 369659K [0x0000000080000000, 0x0000000100000000)
  region size 1024K, 9 young (9216K), 9 survivors (9216K)
 Metaspace       used 149261K, committed 151936K, reserved 618496K
  class space    used 18964K, committed 20288K, reserved 421888K
}
Event: 374.787 GC heap before
{Heap before GC invocations=52 (full 0):
 garbage-first heap   total 514048K, used 435195K [0x0000000080000000, 0x0000000100000000)
  region size 1024K, 72 young (73728K), 9 survivors (9216K)
 Metaspace       used 151209K, committed 153920K, reserved 618496K
  class space    used 19166K, committed 20544K, reserved 421888K
}
Event: 374.973 GC heap after
{Heap after GC invocations=53 (full 0):
 garbage-first heap   total 514048K, used 371336K [0x0000000080000000, 0x0000000100000000)
  region size 1024K, 5 young (5120K), 5 survivors (5120K)
 Metaspace       used 151209K, committed 153920K, reserved 618496K
  class space    used 19166K, committed 20544K, reserved 421888K
}
Event: 390.621 GC heap before
{Heap before GC invocations=53 (full 0):
 garbage-first heap   total 514048K, used 440968K [0x0000000080000000, 0x0000000100000000)
  region size 1024K, 70 young (71680K), 5 survivors (5120K)
 Metaspace       used 153034K, committed 155840K, reserved 618496K
  class space    used 19387K, committed 20864K, reserved 421888K
}
Event: 390.752 GC heap after
{Heap after GC invocations=54 (full 0):
 garbage-first heap   total 514048K, used 377562K [0x0000000080000000, 0x0000000100000000)
  region size 1024K, 5 young (5120K), 5 survivors (5120K)
 Metaspace       used 153034K, committed 155840K, reserved 618496K
  class space    used 19387K, committed 20864K, reserved 421888K
}
Event: 410.483 GC heap before
{Heap before GC invocations=54 (full 0):
 garbage-first heap   total 514048K, used 445146K [0x0000000080000000, 0x0000000100000000)
  region size 1024K, 66 young (67584K), 5 survivors (5120K)
 Metaspace       used 155701K, committed 158592K, reserved 618496K
  class space    used 19704K, committed 21184K, reserved 421888K
}
Event: 410.727 GC heap after
{Heap after GC invocations=55 (full 0):
 garbage-first heap   total 514048K, used 385024K [0x0000000080000000, 0x0000000100000000)
  region size 1024K, 9 young (9216K), 9 survivors (9216K)
 Metaspace       used 155701K, committed 158592K, reserved 618496K
  class space    used 19704K, committed 21184K, reserved 421888K
}
Event: 470.240 GC heap before
{Heap before GC invocations=55 (full 0):
 garbage-first heap   total 514048K, used 444416K [0x0000000080000000, 0x0000000100000000)
  region size 1024K, 64 young (65536K), 9 survivors (9216K)
 Metaspace       used 155991K, committed 158912K, reserved 618496K
  class space    used 19732K, committed 21248K, reserved 421888K
}
Event: 470.595 GC heap after
{Heap after GC invocations=56 (full 0):
 garbage-first heap   total 514048K, used 383821K [0x0000000080000000, 0x0000000100000000)
  region size 1024K, 3 young (3072K), 3 survivors (3072K)
 Metaspace       used 155991K, committed 158912K, reserved 618496K
  class space    used 19732K, committed 21248K, reserved 421888K
}
Event: 486.043 GC heap before
{Heap before GC invocations=56 (full 0):
 garbage-first heap   total 514048K, used 450381K [0x0000000080000000, 0x0000000100000000)
  region size 1024K, 61 young (62464K), 3 survivors (3072K)
 Metaspace       used 156625K, committed 159488K, reserved 618496K
  class space    used 19830K, committed 21312K, reserved 421888K
}
Event: 486.177 GC heap after
{Heap after GC invocations=57 (full 0):
 garbage-first heap   total 514048K, used 386789K [0x0000000080000000, 0x0000000100000000)
  region size 1024K, 6 young (6144K), 6 survivors (6144K)
 Metaspace       used 156625K, committed 159488K, reserved 618496K
  class space    used 19830K, committed 21312K, reserved 421888K
}
Event: 514.977 GC heap before
{Heap before GC invocations=57 (full 0):
 garbage-first heap   total 514048K, used 430821K [0x0000000080000000, 0x0000000100000000)
  region size 1024K, 37 young (37888K), 6 survivors (6144K)
 Metaspace       used 159756K, committed 162624K, reserved 618496K
  class space    used 20247K, committed 21696K, reserved 421888K
}
Event: 515.241 GC heap after
{Heap after GC invocations=58 (full 0):
 garbage-first heap   total 514048K, used 407127K [0x0000000080000000, 0x0000000100000000)
  region size 1024K, 8 young (8192K), 8 survivors (8192K)
 Metaspace       used 159756K, committed 162624K, reserved 618496K
  class space    used 20247K, committed 21696K, reserved 421888K
}
Event: 528.044 GC heap before
{Heap before GC invocations=58 (full 0):
 garbage-first heap   total 514048K, used 465495K [0x0000000080000000, 0x0000000100000000)
  region size 1024K, 39 young (39936K), 8 survivors (8192K)
 Metaspace       used 160070K, committed 162944K, reserved 618496K
  class space    used 20290K, committed 21760K, reserved 421888K
}
Event: 528.230 GC heap after
{Heap after GC invocations=59 (full 0):
 garbage-first heap   total 514048K, used 429676K [0x0000000080000000, 0x0000000100000000)
  region size 1024K, 5 young (5120K), 5 survivors (5120K)
 Metaspace       used 160070K, committed 162944K, reserved 618496K
  class space    used 20290K, committed 21760K, reserved 421888K
}

